* using log directory ‘/run/media/leandro/_home/Documentos/GIT/FastqCleaner/..Rcheck’
* using R version 3.5.0 (2018-04-23)
* using platform: x86_64-pc-linux-gnu (64-bit)
* using session charset: UTF-8
* using option ‘--as-cran’
* checking for file ‘./DESCRIPTION’ ... OK
* checking extension type ... Package
* this is package ‘FastqCleaner’ version ‘0.99.35’
* package encoding: UTF-8
* checking CRAN incoming feasibility ... NOTE
Maintainer: ‘Leandro Roser <learoser@gmail.com>’

New submission

Package has a VignetteBuilder field but no prebuilt vignette index.
* checking package namespace information ... OK
* checking package dependencies ... ERROR
Packages required but not available:
  ‘shiny’ ‘IRanges’ ‘Biostrings’ ‘ShortRead’ ‘DT’ ‘S4Vectors’
  ‘htmltools’ ‘shinyBS’ ‘Rcpp’

Packages suggested but not available:
  ‘BiocStyle’ ‘testthat’ ‘knitr’ ‘rmarkdown’

VignetteBuilder package required for checking but not installed: ‘knitr’

The suggested packages are required for a complete check.
Checking can be attempted without them by setting the environment
variable _R_CHECK_FORCE_SUGGESTS_ to a false value.

See section ‘The DESCRIPTION file’ in the ‘Writing R Extensions’
manual.
* DONE
Status: 1 ERROR, 1 NOTE
